Started GET "/" for ::1 at 2023-09-26 23:44:50 -0500
Processing by Rails::WelcomeController#index as HTML
  Rendering /home/tural/.asdf/installs/ruby/3.2.2/lib/ruby/gems/3.2.0/gems/railties-7.0.8/lib/rails/templates/rails/welcome/index.html.erb
  Rendered /home/tural/.asdf/installs/ruby/3.2.2/lib/ruby/gems/3.2.0/gems/railties-7.0.8/lib/rails/templates/rails/welcome/index.html.erb (Duration: 21.2ms | Allocations: 633)
Completed 200 OK in 407ms (Views: 81.7ms | ActiveRecord: 0.0ms | Allocations: 7368)


Started GET "/" for ::1 at 2023-09-26 23:44:57 -0500
Processing by Rails::WelcomeController#index as HTML
  Rendering /home/tural/.asdf/installs/ruby/3.2.2/lib/ruby/gems/3.2.0/gems/railties-7.0.8/lib/rails/templates/rails/welcome/index.html.erb
  Rendered /home/tural/.asdf/installs/ruby/3.2.2/lib/ruby/gems/3.2.0/gems/railties-7.0.8/lib/rails/templates/rails/welcome/index.html.erb (Duration: 0.7ms | Allocations: 272)
Completed 200 OK in 20ms (Views: 2.1ms | ActiveRecord: 0.0ms | Allocations: 905)


  [1m[35m (8.4ms)[0m  [1m[35mCREATE TABLE "schema_migrations" ("version" varchar NOT NULL PRIMARY KEY)[0m
  [1m[35m (8.6ms)[0m  [1m[35mCREATE TABLE "ar_internal_metadata" ("key" varchar NOT NULL PRIMARY KEY, "value" varchar, "created_at" datetime(6) NOT NULL, "updated_at" datetime(6) NOT NULL)[0m
  [1m[36mActiveRecord::SchemaMigration Pluck (1.6ms)[0m  [1m[34mSELECT "schema_migrations"."version" FROM "schema_migrations" ORDER BY "schema_migrations"."version" ASC[0m
Migrating to CreateMovies (20230927045540)
  [1m[36mTRANSACTION (0.1ms)[0m  [1m[36mbegin transaction[0m
  [1m[35m (4.2ms)[0m  [1m[35mCREATE TABLE "movies" ("id" integer PRIMARY KEY AUTOINCREMENT NOT NULL, "title" varchar, "rating" varchar, "description" text, "release_date" datetime(6), "created_at" datetime(6) NOT NULL, "updated_at" datetime(6) NOT NULL)[0m
  [1m[36mActiveRecord::SchemaMigration Create (1.1ms)[0m  [1m[32mINSERT INTO "schema_migrations" ("version") VALUES (?)[0m  [["version", "20230927045540"]]
  [1m[36mTRANSACTION (6.3ms)[0m  [1m[36mcommit transaction[0m
  [1m[36mActiveRecord::InternalMetadata Load (1.8ms)[0m  [1m[34mSELECT "ar_internal_metadata".* FROM "ar_internal_metadata" WHERE "ar_internal_metadata"."key" = ? LIMIT ?[0m  [["key", "environment"], ["LIMIT", 1]]
  [1m[36mTRANSACTION (0.0ms)[0m  [1m[36mbegin transaction[0m
  [1m[36mActiveRecord::InternalMetadata Create (4.6ms)[0m  [1m[32mINSERT INTO "ar_internal_metadata" ("key", "value", "created_at", "updated_at") VALUES (?, ?, ?, ?)[0m  [["key", "environment"], ["value", "development"], ["created_at", "2023-09-27 04:57:19.232681"], ["updated_at", "2023-09-27 04:57:19.232681"]]
  [1m[36mTRANSACTION (5.2ms)[0m  [1m[36mcommit transaction[0m
  [1m[36mActiveRecord::SchemaMigration Pluck (1.5ms)[0m  [1m[34mSELECT "schema_migrations"."version" FROM "schema_migrations" ORDER BY "schema_migrations"."version" ASC[0m
  [1m[36mActiveRecord::SchemaMigration Pluck (1.7ms)[0m  [1m[34mSELECT "schema_migrations"."version" FROM "schema_migrations" ORDER BY "schema_migrations"."version" ASC[0m
  [1m[36mTRANSACTION (0.0ms)[0m  [1m[36mbegin transaction[0m
  [1m[36mMovie Create (4.9ms)[0m  [1m[32mINSERT INTO "movies" ("title", "rating", "description", "release_date", "created_at", "updated_at") VALUES (?, ?, ?, ?, ?, ?)[0m  [["title", "My Neighbor Totoro"], ["rating", "G"], ["description", nil], ["release_date", "1988-04-16 00:00:00"], ["created_at", "2023-09-27 05:01:56.737899"], ["updated_at", "2023-09-27 05:01:56.737899"]]
  [1m[36mTRANSACTION (6.5ms)[0m  [1m[36mcommit transaction[0m
  [1m[36mTRANSACTION (0.0ms)[0m  [1m[36mbegin transaction[0m
  [1m[36mMovie Create (4.8ms)[0m  [1m[32mINSERT INTO "movies" ("title", "rating", "description", "release_date", "created_at", "updated_at") VALUES (?, ?, ?, ?, ?, ?)[0m  [["title", "Green Book"], ["rating", "PG-13"], ["description", nil], ["release_date", "2018-11-16 00:00:00"], ["created_at", "2023-09-27 05:01:56.752969"], ["updated_at", "2023-09-27 05:01:56.752969"]]
  [1m[36mTRANSACTION (5.6ms)[0m  [1m[36mcommit transaction[0m
  [1m[36mTRANSACTION (0.0ms)[0m  [1m[36mbegin transaction[0m
  [1m[36mMovie Create (4.7ms)[0m  [1m[32mINSERT INTO "movies" ("title", "rating", "description", "release_date", "created_at", "updated_at") VALUES (?, ?, ?, ?, ?, ?)[0m  [["title", "Parasite"], ["rating", "R"], ["description", nil], ["release_date", "2019-05-30 00:00:00"], ["created_at", "2023-09-27 05:01:56.766022"], ["updated_at", "2023-09-27 05:01:56.766022"]]
  [1m[36mTRANSACTION (5.8ms)[0m  [1m[36mcommit transaction[0m
  [1m[36mTRANSACTION (0.0ms)[0m  [1m[36mbegin transaction[0m
  [1m[36mMovie Create (4.5ms)[0m  [1m[32mINSERT INTO "movies" ("title", "rating", "description", "release_date", "created_at", "updated_at") VALUES (?, ?, ?, ?, ?, ?)[0m  [["title", "Nomadland"], ["rating", "R"], ["description", nil], ["release_date", "2021-02-19 00:00:00"], ["created_at", "2023-09-27 05:01:56.779468"], ["updated_at", "2023-09-27 05:01:56.779468"]]
  [1m[36mTRANSACTION (5.4ms)[0m  [1m[36mcommit transaction[0m
  [1m[36mTRANSACTION (0.0ms)[0m  [1m[36mbegin transaction[0m
  [1m[36mMovie Create (5.0ms)[0m  [1m[32mINSERT INTO "movies" ("title", "rating", "description", "release_date", "created_at", "updated_at") VALUES (?, ?, ?, ?, ?, ?)[0m  [["title", "CODA"], ["rating", "PG-13"], ["description", nil], ["release_date", "2021-08-13 00:00:00"], ["created_at", "2023-09-27 05:01:56.792343"], ["updated_at", "2023-09-27 05:01:56.792343"]]
  [1m[36mTRANSACTION (5.9ms)[0m  [1m[36mcommit transaction[0m
  [1m[36mMovie Load (1.7ms)[0m  [1m[34mSELECT "movies".* FROM "movies" ORDER BY "movies"."id" ASC LIMIT ?[0m  [["LIMIT", 1]]
Started GET "/" for ::1 at 2023-09-27 00:04:10 -0500
  [1m[36mActiveRecord::SchemaMigration Pluck (1.6ms)[0m  [1m[34mSELECT "schema_migrations"."version" FROM "schema_migrations" ORDER BY "schema_migrations"."version" ASC[0m
Processing by Rails::WelcomeController#index as HTML
  Rendering /home/tural/.asdf/installs/ruby/3.2.2/lib/ruby/gems/3.2.0/gems/railties-7.0.8/lib/rails/templates/rails/welcome/index.html.erb
  Rendered /home/tural/.asdf/installs/ruby/3.2.2/lib/ruby/gems/3.2.0/gems/railties-7.0.8/lib/rails/templates/rails/welcome/index.html.erb (Duration: 5.4ms | Allocations: 489)
Completed 200 OK in 111ms (Views: 20.5ms | ActiveRecord: 0.0ms | Allocations: 4218)


Started GET "/movie" for ::1 at 2023-09-27 00:04:16 -0500
  
ActionController::RoutingError (No route matches [GET] "/movie"):
  
Started GET "/movies" for ::1 at 2023-09-27 00:04:22 -0500
  
ActionController::RoutingError (No route matches [GET] "/movies"):
  
Started GET "/" for 127.0.0.1 at 2023-09-27 00:04:49 -0500
Processing by Rails::WelcomeController#index as HTML
  Rendering /home/tural/.asdf/installs/ruby/3.2.2/lib/ruby/gems/3.2.0/gems/railties-7.0.8/lib/rails/templates/rails/welcome/index.html.erb
  Rendered /home/tural/.asdf/installs/ruby/3.2.2/lib/ruby/gems/3.2.0/gems/railties-7.0.8/lib/rails/templates/rails/welcome/index.html.erb (Duration: 0.7ms | Allocations: 276)
Completed 200 OK in 21ms (Views: 1.9ms | ActiveRecord: 0.0ms | Allocations: 866)


Started GET "/movies" for 127.0.0.1 at 2023-09-27 00:04:54 -0500
  
ActionController::RoutingError (No route matches [GET] "/movies"):
  
Started GET "/movies" for 127.0.0.1 at 2023-09-27 00:08:31 -0500
  [1m[36mActiveRecord::SchemaMigration Pluck (1.8ms)[0m  [1m[34mSELECT "schema_migrations"."version" FROM "schema_migrations" ORDER BY "schema_migrations"."version" ASC[0m
  
ActionController::RoutingError (uninitialized constant MoviesController):
  
Started GET "/" for 127.0.0.1 at 2024-02-21 11:54:59 -0600
  [1m[36mActiveRecord::SchemaMigration Pluck (0.3ms)[0m  [1m[34mSELECT "schema_migrations"."version" FROM "schema_migrations" ORDER BY "schema_migrations"."version" ASC[0m
Started GET "/movies" for 127.0.0.1 at 2024-02-21 11:55:00 -0600
Processing by MoviesController#index as HTML
  Rendering layout layouts/application.html.erb
  Rendering movies/index.html.erb within layouts/application
  [1m[36mMovie Load (0.3ms)[0m  [1m[34mSELECT "movies".* FROM "movies"[0m
  ↳ app/views/movies/index.html.erb:6
  Rendered movies/_movie.html.erb (Duration: 1.7ms | Allocations: 393)
  Rendered movies/_movie.html.erb (Duration: 0.3ms | Allocations: 39)
  Rendered movies/_movie.html.erb (Duration: 0.2ms | Allocations: 39)
  Rendered movies/_movie.html.erb (Duration: 0.2ms | Allocations: 39)
  Rendered movies/_movie.html.erb (Duration: 0.2ms | Allocations: 39)
  Rendered movies/index.html.erb within layouts/application (Duration: 43.6ms | Allocations: 8602)
  Rendered layout layouts/application.html.erb (Duration: 860.4ms | Allocations: 98818)
Completed 200 OK in 934ms (Views: 888.9ms | ActiveRecord: 1.4ms | Allocations: 106193)


Started GET "/movies/1" for 127.0.0.1 at 2024-02-21 11:55:12 -0600
Processing by MoviesController#show as HTML
  Parameters: {"id"=>"1"}
  [1m[36mMovie Load (0.4ms)[0m  [1m[34mSELECT "movies".* FROM "movies" WHERE "movies"."id" = ? LIMIT ?[0m  [["id", 1], ["LIMIT", 1]]
  ↳ app/controllers/movies_controller.rb:63:in `set_movie'
  Rendering layout layouts/application.html.erb
  Rendering movies/show.html.erb within layouts/application
  Rendered movies/_movie.html.erb (Duration: 0.3ms | Allocations: 41)
  Rendered movies/show.html.erb within layouts/application (Duration: 4.1ms | Allocations: 892)
  Rendered layout layouts/application.html.erb (Duration: 11.2ms | Allocations: 2990)
Completed 200 OK in 89ms (Views: 12.1ms | ActiveRecord: 0.4ms | Allocations: 16123)


Started GET "/movies" for 127.0.0.1 at 2024-02-21 11:55:17 -0600
Processing by MoviesController#index as HTML
  Rendering layout layouts/application.html.erb
  Rendering movies/index.html.erb within layouts/application
  [1m[36mMovie Load (0.3ms)[0m  [1m[34mSELECT "movies".* FROM "movies"[0m
  ↳ app/views/movies/index.html.erb:6
  Rendered movies/_movie.html.erb (Duration: 0.5ms | Allocations: 41)
  Rendered movies/_movie.html.erb (Duration: 0.5ms | Allocations: 39)
  Rendered movies/_movie.html.erb (Duration: 0.5ms | Allocations: 39)
  Rendered movies/_movie.html.erb (Duration: 0.5ms | Allocations: 39)
  Rendered movies/_movie.html.erb (Duration: 0.5ms | Allocations: 39)
  Rendered movies/index.html.erb within layouts/application (Duration: 12.3ms | Allocations: 1619)
  Rendered layout layouts/application.html.erb (Duration: 24.5ms | Allocations: 3725)
Completed 200 OK in 28ms (Views: 26.2ms | ActiveRecord: 0.3ms | Allocations: 4001)


Started GET "/movies" for 127.0.0.1 at 2024-02-21 12:00:37 -0600
Processing by MoviesController#index as HTML
  Rendering layout layouts/application.html.erb
  Rendering movies/index.html.erb within layouts/application
  [1m[36mMovie Load (0.4ms)[0m  [1m[34mSELECT "movies".* FROM "movies"[0m
  ↳ app/views/movies/index.html.erb:6
  Rendered movies/_movie.html.erb (Duration: 0.5ms | Allocations: 41)
  Rendered movies/_movie.html.erb (Duration: 0.3ms | Allocations: 39)
  Rendered movies/_movie.html.erb (Duration: 0.5ms | Allocations: 39)
  Rendered movies/_movie.html.erb (Duration: 0.4ms | Allocations: 39)
  Rendered movies/_movie.html.erb (Duration: 0.4ms | Allocations: 39)
  Rendered movies/index.html.erb within layouts/application (Duration: 22.0ms | Allocations: 1628)
  Rendered layout layouts/application.html.erb (Duration: 32.8ms | Allocations: 3750)
Completed 200 OK in 35ms (Views: 34.2ms | ActiveRecord: 0.4ms | Allocations: 4026)


Started GET "/" for 127.0.0.1 at 2024-02-21 12:00:59 -0600
  [1m[36mActiveRecord::SchemaMigration Pluck (0.5ms)[0m  [1m[34mSELECT "schema_migrations"."version" FROM "schema_migrations" ORDER BY "schema_migrations"."version" ASC[0m
Started GET "/movies" for 127.0.0.1 at 2024-02-21 12:00:59 -0600
Processing by MoviesController#index as HTML
  Rendering layout layouts/application.html.erb
  Rendering movies/index.html.erb within layouts/application
  [1m[36mMovie Load (0.5ms)[0m  [1m[34mSELECT "movies".* FROM "movies"[0m
  ↳ app/views/movies/index.html.erb:6
  Rendered movies/_movie.html.erb (Duration: 2.2ms | Allocations: 393)
  Rendered movies/_movie.html.erb (Duration: 0.4ms | Allocations: 39)
  Rendered movies/_movie.html.erb (Duration: 0.3ms | Allocations: 39)
  Rendered movies/_movie.html.erb (Duration: 0.2ms | Allocations: 39)
  Rendered movies/_movie.html.erb (Duration: 0.2ms | Allocations: 39)
  Rendered movies/index.html.erb within layouts/application (Duration: 43.8ms | Allocations: 8310)
  Rendered layout layouts/application.html.erb (Duration: 158.4ms | Allocations: 41668)
Completed 200 OK in 182ms (Views: 163.4ms | ActiveRecord: 1.6ms | Allocations: 46019)


Started GET "/movies/1" for 127.0.0.1 at 2024-02-21 12:01:44 -0600
Processing by MoviesController#show as HTML
  Parameters: {"id"=>"1"}
  [1m[36mMovie Load (0.6ms)[0m  [1m[34mSELECT "movies".* FROM "movies" WHERE "movies"."id" = ? LIMIT ?[0m  [["id", 1], ["LIMIT", 1]]
  ↳ app/controllers/movies_controller.rb:63:in `set_movie'
  Rendering layout layouts/application.html.erb
  Rendering movies/show.html.erb within layouts/application
  Rendered movies/_movie.html.erb (Duration: 0.5ms | Allocations: 41)
  Rendered movies/show.html.erb within layouts/application (Duration: 5.8ms | Allocations: 879)
  Rendered layout layouts/application.html.erb (Duration: 12.1ms | Allocations: 2977)
Completed 200 OK in 41ms (Views: 13.3ms | ActiveRecord: 0.6ms | Allocations: 11486)


Started DELETE "/movies/1" for 127.0.0.1 at 2024-02-21 12:01:45 -0600
Processing by MoviesController#destroy as TURBO_STREAM
  Parameters: {"authenticity_token"=>"[FILTERED]", "id"=>"1"}
  [1m[36mMovie Load (0.2ms)[0m  [1m[34mSELECT "movies".* FROM "movies" WHERE "movies"."id" = ? LIMIT ?[0m  [["id", 1], ["LIMIT", 1]]
  ↳ app/controllers/movies_controller.rb:63:in `set_movie'
  [1m[36mTRANSACTION (0.1ms)[0m  [1m[36mbegin transaction[0m
  ↳ app/controllers/movies_controller.rb:52:in `destroy'
  [1m[36mMovie Destroy (0.7ms)[0m  [1m[31mDELETE FROM "movies" WHERE "movies"."id" = ?[0m  [["id", 1]]
  ↳ app/controllers/movies_controller.rb:52:in `destroy'
  [1m[36mTRANSACTION (205.2ms)[0m  [1m[36mcommit transaction[0m
  ↳ app/controllers/movies_controller.rb:52:in `destroy'
Redirected to http://127.0.0.1:3000/movies
Completed 302 Found in 219ms (ActiveRecord: 206.3ms | Allocations: 2930)


Started GET "/movies" for 127.0.0.1 at 2024-02-21 12:01:45 -0600
Processing by MoviesController#index as TURBO_STREAM
  Rendering layout layouts/application.html.erb
  Rendering movies/index.html.erb within layouts/application
  [1m[36mMovie Load (0.3ms)[0m  [1m[34mSELECT "movies".* FROM "movies"[0m
  ↳ app/views/movies/index.html.erb:6
  Rendered movies/_movie.html.erb (Duration: 0.3ms | Allocations: 40)
  Rendered movies/_movie.html.erb (Duration: 0.4ms | Allocations: 39)
  Rendered movies/_movie.html.erb (Duration: 0.4ms | Allocations: 39)
  Rendered movies/_movie.html.erb (Duration: 0.2ms | Allocations: 39)
  Rendered movies/index.html.erb within layouts/application (Duration: 10.0ms | Allocations: 1533)
  Rendered layout layouts/application.html.erb (Duration: 16.6ms | Allocations: 3673)
Completed 200 OK in 19ms (Views: 17.6ms | ActiveRecord: 0.3ms | Allocations: 3995)


Started GET "/movies/new" for 127.0.0.1 at 2024-02-21 12:01:49 -0600
Processing by MoviesController#new as HTML
  Rendering layout layouts/application.html.erb
  Rendering movies/new.html.erb within layouts/application
  Rendered movies/_form.html.erb (Duration: 21.8ms | Allocations: 3253)
  Rendered movies/new.html.erb within layouts/application (Duration: 24.2ms | Allocations: 3555)
  Rendered layout layouts/application.html.erb (Duration: 33.4ms | Allocations: 5661)
Completed 200 OK in 36ms (Views: 34.7ms | ActiveRecord: 0.0ms | Allocations: 6026)


Started POST "/movies" for 127.0.0.1 at 2024-02-21 12:02:21 -0600
Processing by MoviesController#create as TURBO_STREAM
  Parameters: {"authenticity_token"=>"[FILTERED]", "movie"=>{"title"=>"Harry Potter and the Half Blood Price", "rating"=>"PG-13", "description"=>"The best", "release_date"=>"01-09-2009"}, "commit"=>"Create Movie"}
  [1m[36mTRANSACTION (0.2ms)[0m  [1m[36mbegin transaction[0m
  ↳ app/controllers/movies_controller.rb:27:in `block in create'
  [1m[36mMovie Create (0.8ms)[0m  [1m[32mINSERT INTO "movies" ("title", "rating", "description", "release_date", "created_at", "updated_at") VALUES (?, ?, ?, ?, ?, ?)[0m  [["title", "Harry Potter and the Half Blood Price"], ["rating", "PG-13"], ["description", "The best"], ["release_date", "2009-09-01 00:00:00"], ["created_at", "2024-02-21 18:02:21.251780"], ["updated_at", "2024-02-21 18:02:21.251780"]]
  ↳ app/controllers/movies_controller.rb:27:in `block in create'
  [1m[36mTRANSACTION (497.1ms)[0m  [1m[36mcommit transaction[0m
  ↳ app/controllers/movies_controller.rb:27:in `block in create'
Redirected to http://127.0.0.1:3000/movies/6
Completed 302 Found in 511ms (ActiveRecord: 498.0ms | Allocations: 3454)


Started GET "/movies/6" for 127.0.0.1 at 2024-02-21 12:02:21 -0600
Processing by MoviesController#show as TURBO_STREAM
  Parameters: {"id"=>"6"}
  [1m[36mMovie Load (0.3ms)[0m  [1m[34mSELECT "movies".* FROM "movies" WHERE "movies"."id" = ? LIMIT ?[0m  [["id", 6], ["LIMIT", 1]]
  ↳ app/controllers/movies_controller.rb:63:in `set_movie'
  Rendering layout layouts/application.html.erb
  Rendering movies/show.html.erb within layouts/application
  Rendered movies/_movie.html.erb (Duration: 0.7ms | Allocations: 43)
  Rendered movies/show.html.erb within layouts/application (Duration: 4.2ms | Allocations: 663)
  Rendered layout layouts/application.html.erb (Duration: 13.3ms | Allocations: 2760)
Completed 200 OK in 18ms (Views: 14.5ms | ActiveRecord: 0.3ms | Allocations: 3518)


Started GET "/movies" for 127.0.0.1 at 2024-02-21 12:02:24 -0600
Processing by MoviesController#index as HTML
  Rendering layout layouts/application.html.erb
  Rendering movies/index.html.erb within layouts/application
  [1m[36mMovie Load (0.2ms)[0m  [1m[34mSELECT "movies".* FROM "movies"[0m
  ↳ app/views/movies/index.html.erb:6
  Rendered movies/_movie.html.erb (Duration: 0.3ms | Allocations: 40)
  Rendered movies/_movie.html.erb (Duration: 0.4ms | Allocations: 39)
  Rendered movies/_movie.html.erb (Duration: 0.3ms | Allocations: 39)
  Rendered movies/_movie.html.erb (Duration: 0.2ms | Allocations: 39)
  Rendered movies/_movie.html.erb (Duration: 0.3ms | Allocations: 42)
  Rendered movies/index.html.erb within layouts/application (Duration: 8.8ms | Allocations: 1629)
  Rendered layout layouts/application.html.erb (Duration: 16.2ms | Allocations: 3734)
Completed 200 OK in 18ms (Views: 16.9ms | ActiveRecord: 0.2ms | Allocations: 4005)


Started GET "/movies/4" for 127.0.0.1 at 2024-02-21 12:02:53 -0600
Processing by MoviesController#show as HTML
  Parameters: {"id"=>"4"}
  [1m[36mMovie Load (0.3ms)[0m  [1m[34mSELECT "movies".* FROM "movies" WHERE "movies"."id" = ? LIMIT ?[0m  [["id", 4], ["LIMIT", 1]]
  ↳ app/controllers/movies_controller.rb:63:in `set_movie'
  Rendering layout layouts/application.html.erb
  Rendering movies/show.html.erb within layouts/application
  Rendered movies/_movie.html.erb (Duration: 0.3ms | Allocations: 40)
  Rendered movies/show.html.erb within layouts/application (Duration: 3.6ms | Allocations: 661)
  Rendered layout layouts/application.html.erb (Duration: 10.4ms | Allocations: 2758)
Completed 200 OK in 15ms (Views: 11.7ms | ActiveRecord: 0.3ms | Allocations: 3519)


Started GET "/movies/4/edit" for 127.0.0.1 at 2024-02-21 12:02:55 -0600
Processing by MoviesController#edit as HTML
  Parameters: {"id"=>"4"}
  [1m[36mMovie Load (0.3ms)[0m  [1m[34mSELECT "movies".* FROM "movies" WHERE "movies"."id" = ? LIMIT ?[0m  [["id", 4], ["LIMIT", 1]]
  ↳ app/controllers/movies_controller.rb:63:in `set_movie'
  Rendering layout layouts/application.html.erb
  Rendering movies/edit.html.erb within layouts/application
  Rendered movies/_form.html.erb (Duration: 4.7ms | Allocations: 1593)
  Rendered movies/edit.html.erb within layouts/application (Duration: 6.8ms | Allocations: 1880)
  Rendered layout layouts/application.html.erb (Duration: 15.9ms | Allocations: 3979)
Completed 200 OK in 21ms (Views: 17.1ms | ActiveRecord: 0.3ms | Allocations: 4801)


Started PATCH "/movies/4" for 127.0.0.1 at 2024-02-21 12:04:57 -0600
Processing by MoviesController#update as TURBO_STREAM
  Parameters: {"authenticity_token"=>"[FILTERED]", "movie"=>{"title"=>"Belasheshe- Bengali movie", "rating"=>"R", "description"=>"", "release_date"=>"2021-02-19 00:00:00 UTC"}, "commit"=>"Update Movie", "id"=>"4"}
  [1m[36mMovie Load (0.2ms)[0m  [1m[34mSELECT "movies".* FROM "movies" WHERE "movies"."id" = ? LIMIT ?[0m  [["id", 4], ["LIMIT", 1]]
  ↳ app/controllers/movies_controller.rb:63:in `set_movie'
  [1m[36mTRANSACTION (0.1ms)[0m  [1m[36mbegin transaction[0m
  ↳ app/controllers/movies_controller.rb:40:in `block in update'
  [1m[36mMovie Update (0.7ms)[0m  [1m[33mUPDATE "movies" SET "title" = ?, "description" = ?, "updated_at" = ? WHERE "movies"."id" = ?[0m  [["title", "Belasheshe- Bengali movie"], ["description", ""], ["updated_at", "2024-02-21 18:04:57.579013"], ["id", 4]]
  ↳ app/controllers/movies_controller.rb:40:in `block in update'
  [1m[36mTRANSACTION (377.1ms)[0m  [1m[36mcommit transaction[0m
  ↳ app/controllers/movies_controller.rb:40:in `block in update'
Redirected to http://127.0.0.1:3000/movies/4
Completed 302 Found in 393ms (ActiveRecord: 378.1ms | Allocations: 3208)


Started GET "/movies/4" for 127.0.0.1 at 2024-02-21 12:04:57 -0600
Processing by MoviesController#show as TURBO_STREAM
  Parameters: {"id"=>"4"}
  [1m[36mMovie Load (0.3ms)[0m  [1m[34mSELECT "movies".* FROM "movies" WHERE "movies"."id" = ? LIMIT ?[0m  [["id", 4], ["LIMIT", 1]]
  ↳ app/controllers/movies_controller.rb:63:in `set_movie'
  Rendering layout layouts/application.html.erb
  Rendering movies/show.html.erb within layouts/application
  Rendered movies/_movie.html.erb (Duration: 0.5ms | Allocations: 43)
  Rendered movies/show.html.erb within layouts/application (Duration: 5.5ms | Allocations: 678)
  Rendered layout layouts/application.html.erb (Duration: 15.6ms | Allocations: 2775)
Completed 200 OK in 20ms (Views: 17.0ms | ActiveRecord: 0.3ms | Allocations: 3533)


Started GET "/movies" for 127.0.0.1 at 2024-02-21 12:05:00 -0600
Processing by MoviesController#index as HTML
  Rendering layout layouts/application.html.erb
  Rendering movies/index.html.erb within layouts/application
  [1m[36mMovie Load (0.4ms)[0m  [1m[34mSELECT "movies".* FROM "movies"[0m
  ↳ app/views/movies/index.html.erb:6
  Rendered movies/_movie.html.erb (Duration: 0.4ms | Allocations: 40)
  Rendered movies/_movie.html.erb (Duration: 0.4ms | Allocations: 39)
  Rendered movies/_movie.html.erb (Duration: 0.3ms | Allocations: 42)
  Rendered movies/_movie.html.erb (Duration: 0.3ms | Allocations: 39)
  Rendered movies/_movie.html.erb (Duration: 0.3ms | Allocations: 42)
  Rendered movies/index.html.erb within layouts/application (Duration: 9.4ms | Allocations: 1656)
  Rendered layout layouts/application.html.erb (Duration: 18.3ms | Allocations: 3761)
Completed 200 OK in 20ms (Views: 19.3ms | ActiveRecord: 0.4ms | Allocations: 4032)


Started GET "/movies/2" for 127.0.0.1 at 2024-02-21 12:05:09 -0600
Processing by MoviesController#show as HTML
  Parameters: {"id"=>"2"}
  [1m[36mMovie Load (0.2ms)[0m  [1m[34mSELECT "movies".* FROM "movies" WHERE "movies"."id" = ? LIMIT ?[0m  [["id", 2], ["LIMIT", 1]]
  ↳ app/controllers/movies_controller.rb:63:in `set_movie'
  Rendering layout layouts/application.html.erb
  Rendering movies/show.html.erb within layouts/application
  Rendered movies/_movie.html.erb (Duration: 0.5ms | Allocations: 40)
  Rendered movies/show.html.erb within layouts/application (Duration: 3.8ms | Allocations: 643)
  Rendered layout layouts/application.html.erb (Duration: 12.7ms | Allocations: 2740)
Completed 200 OK in 18ms (Views: 14.1ms | ActiveRecord: 0.2ms | Allocations: 3494)


Started GET "/movies/2/edit" for 127.0.0.1 at 2024-02-21 12:05:11 -0600
Processing by MoviesController#edit as HTML
  Parameters: {"id"=>"2"}
  [1m[36mMovie Load (0.3ms)[0m  [1m[34mSELECT "movies".* FROM "movies" WHERE "movies"."id" = ? LIMIT ?[0m  [["id", 2], ["LIMIT", 1]]
  ↳ app/controllers/movies_controller.rb:63:in `set_movie'
  Rendering layout layouts/application.html.erb
  Rendering movies/edit.html.erb within layouts/application
  Rendered movies/_form.html.erb (Duration: 7.0ms | Allocations: 1569)
  Rendered movies/edit.html.erb within layouts/application (Duration: 7.9ms | Allocations: 1694)
  Rendered layout layouts/application.html.erb (Duration: 17.3ms | Allocations: 3791)
Completed 200 OK in 22ms (Views: 18.7ms | ActiveRecord: 0.3ms | Allocations: 4545)


Started PATCH "/movies/2" for 127.0.0.1 at 2024-02-21 12:05:19 -0600
Processing by MoviesController#update as TURBO_STREAM
  Parameters: {"authenticity_token"=>"[FILTERED]", "movie"=>{"title"=>"The Martian", "rating"=>"PG-13", "description"=>"", "release_date"=>"2018-11-16 00:00:00 UTC"}, "commit"=>"Update Movie", "id"=>"2"}
  [1m[36mMovie Load (0.3ms)[0m  [1m[34mSELECT "movies".* FROM "movies" WHERE "movies"."id" = ? LIMIT ?[0m  [["id", 2], ["LIMIT", 1]]
  ↳ app/controllers/movies_controller.rb:63:in `set_movie'
  [1m[36mTRANSACTION (0.1ms)[0m  [1m[36mbegin transaction[0m
  ↳ app/controllers/movies_controller.rb:40:in `block in update'
  [1m[36mMovie Update (0.7ms)[0m  [1m[33mUPDATE "movies" SET "title" = ?, "description" = ?, "updated_at" = ? WHERE "movies"."id" = ?[0m  [["title", "The Martian"], ["description", ""], ["updated_at", "2024-02-21 18:05:19.556893"], ["id", 2]]
  ↳ app/controllers/movies_controller.rb:40:in `block in update'
  [1m[36mTRANSACTION (410.6ms)[0m  [1m[36mcommit transaction[0m
  ↳ app/controllers/movies_controller.rb:40:in `block in update'
Redirected to http://127.0.0.1:3000/movies/2
Completed 302 Found in 431ms (ActiveRecord: 411.7ms | Allocations: 3046)


Started GET "/movies/2" for 127.0.0.1 at 2024-02-21 12:05:19 -0600
Processing by MoviesController#show as TURBO_STREAM
  Parameters: {"id"=>"2"}
  [1m[36mMovie Load (0.3ms)[0m  [1m[34mSELECT "movies".* FROM "movies" WHERE "movies"."id" = ? LIMIT ?[0m  [["id", 2], ["LIMIT", 1]]
  ↳ app/controllers/movies_controller.rb:63:in `set_movie'
  Rendering layout layouts/application.html.erb
  Rendering movies/show.html.erb within layouts/application
  Rendered movies/_movie.html.erb (Duration: 1.7ms | Allocations: 42)
  Rendered movies/show.html.erb within layouts/application (Duration: 5.0ms | Allocations: 684)
  Rendered layout layouts/application.html.erb (Duration: 13.8ms | Allocations: 2815)
Completed 200 OK in 19ms (Views: 15.3ms | ActiveRecord: 0.3ms | Allocations: 3575)


Started GET "/movies" for 127.0.0.1 at 2024-02-21 12:05:22 -0600
Processing by MoviesController#index as HTML
  Rendering layout layouts/application.html.erb
  Rendering movies/index.html.erb within layouts/application
  [1m[36mMovie Load (0.2ms)[0m  [1m[34mSELECT "movies".* FROM "movies"[0m
  ↳ app/views/movies/index.html.erb:6
  Rendered movies/_movie.html.erb (Duration: 0.4ms | Allocations: 42)
  Rendered movies/_movie.html.erb (Duration: 0.3ms | Allocations: 39)
  Rendered movies/_movie.html.erb (Duration: 0.3ms | Allocations: 42)
  Rendered movies/_movie.html.erb (Duration: 0.3ms | Allocations: 39)
  Rendered movies/_movie.html.erb (Duration: 0.2ms | Allocations: 42)
  Rendered movies/index.html.erb within layouts/application (Duration: 8.0ms | Allocations: 1641)
  Rendered layout layouts/application.html.erb (Duration: 16.1ms | Allocations: 3747)
Completed 200 OK in 18ms (Views: 17.2ms | ActiveRecord: 0.2ms | Allocations: 4019)


Started GET "/" for 127.0.0.1 at 2024-02-21 12:05:35 -0600
  [1m[36mActiveRecord::SchemaMigration Pluck (0.5ms)[0m  [1m[34mSELECT "schema_migrations"."version" FROM "schema_migrations" ORDER BY "schema_migrations"."version" ASC[0m
Started GET "/movies" for 127.0.0.1 at 2024-02-21 12:05:35 -0600
Processing by MoviesController#index as HTML
  Rendering layout layouts/application.html.erb
  Rendering movies/index.html.erb within layouts/application
  [1m[36mMovie Load (0.5ms)[0m  [1m[34mSELECT "movies".* FROM "movies"[0m
  ↳ app/views/movies/index.html.erb:6
  Rendered movies/_movie.html.erb (Duration: 2.3ms | Allocations: 395)
  Rendered movies/_movie.html.erb (Duration: 0.3ms | Allocations: 39)
  Rendered movies/_movie.html.erb (Duration: 0.2ms | Allocations: 42)
  Rendered movies/_movie.html.erb (Duration: 0.2ms | Allocations: 39)
  Rendered movies/_movie.html.erb (Duration: 0.2ms | Allocations: 42)
  Rendered movies/index.html.erb within layouts/application (Duration: 41.5ms | Allocations: 8309)
  Rendered layout layouts/application.html.erb (Duration: 147.2ms | Allocations: 41639)
Completed 200 OK in 171ms (Views: 152.0ms | ActiveRecord: 1.8ms | Allocations: 45992)


Started GET "/movies/5" for 127.0.0.1 at 2024-02-21 12:05:43 -0600
Processing by MoviesController#show as HTML
  Parameters: {"id"=>"5"}
  [1m[36mMovie Load (0.4ms)[0m  [1m[34mSELECT "movies".* FROM "movies" WHERE "movies"."id" = ? LIMIT ?[0m  [["id", 5], ["LIMIT", 1]]
  ↳ app/controllers/movies_controller.rb:63:in `set_movie'
  Rendering layout layouts/application.html.erb
  Rendering movies/show.html.erb within layouts/application
  Rendered movies/_movie.html.erb (Duration: 0.3ms | Allocations: 40)
  Rendered movies/show.html.erb within layouts/application (Duration: 3.9ms | Allocations: 878)
  Rendered layout layouts/application.html.erb (Duration: 10.7ms | Allocations: 2976)
Completed 200 OK in 20ms (Views: 11.9ms | ActiveRecord: 0.4ms | Allocations: 5652)


Started GET "/movies/5/edit" for 127.0.0.1 at 2024-02-21 12:05:45 -0600
Processing by MoviesController#edit as HTML
  Parameters: {"id"=>"5"}
  [1m[36mMovie Load (0.2ms)[0m  [1m[34mSELECT "movies".* FROM "movies" WHERE "movies"."id" = ? LIMIT ?[0m  [["id", 5], ["LIMIT", 1]]
  ↳ app/controllers/movies_controller.rb:63:in `set_movie'
  Rendering layout layouts/application.html.erb
  Rendering movies/edit.html.erb within layouts/application
  Rendered movies/_form.html.erb (Duration: 14.4ms | Allocations: 2890)
  Rendered movies/edit.html.erb within layouts/application (Duration: 16.5ms | Allocations: 3243)
  Rendered layout layouts/application.html.erb (Duration: 23.3ms | Allocations: 5341)
Completed 200 OK in 28ms (Views: 24.3ms | ActiveRecord: 0.2ms | Allocations: 6163)


Started PATCH "/movies/5" for 127.0.0.1 at 2024-02-21 12:05:55 -0600
Processing by MoviesController#update as TURBO_STREAM
  Parameters: {"authenticity_token"=>"[FILTERED]", "movie"=>{"title"=>"Resident Evil", "rating"=>"PG-13", "description"=>"", "release_date"=>"2021-08-13 00:00:00 UTC"}, "commit"=>"Update Movie", "id"=>"5"}
  [1m[36mMovie Load (0.3ms)[0m  [1m[34mSELECT "movies".* FROM "movies" WHERE "movies"."id" = ? LIMIT ?[0m  [["id", 5], ["LIMIT", 1]]
  ↳ app/controllers/movies_controller.rb:63:in `set_movie'
  [1m[36mTRANSACTION (0.2ms)[0m  [1m[36mbegin transaction[0m
  ↳ app/controllers/movies_controller.rb:40:in `block in update'
  [1m[36mMovie Update (114.5ms)[0m  [1m[33mUPDATE "movies" SET "title" = ?, "description" = ?, "updated_at" = ? WHERE "movies"."id" = ?[0m  [["title", "Resident Evil"], ["description", ""], ["updated_at", "2024-02-21 18:05:55.161832"], ["id", 5]]
  ↳ app/controllers/movies_controller.rb:40:in `block in update'
  [1m[36mTRANSACTION (507.5ms)[0m  [1m[36mcommit transaction[0m
  ↳ app/controllers/movies_controller.rb:40:in `block in update'
Redirected to http://127.0.0.1:3000/movies/5
Completed 302 Found in 640ms (ActiveRecord: 622.4ms | Allocations: 4407)


Started GET "/movies/5" for 127.0.0.1 at 2024-02-21 12:05:55 -0600
Processing by MoviesController#show as TURBO_STREAM
  Parameters: {"id"=>"5"}
  [1m[36mMovie Load (0.2ms)[0m  [1m[34mSELECT "movies".* FROM "movies" WHERE "movies"."id" = ? LIMIT ?[0m  [["id", 5], ["LIMIT", 1]]
  ↳ app/controllers/movies_controller.rb:63:in `set_movie'
  Rendering layout layouts/application.html.erb
  Rendering movies/show.html.erb within layouts/application
  Rendered movies/_movie.html.erb (Duration: 0.5ms | Allocations: 42)
  Rendered movies/show.html.erb within layouts/application (Duration: 4.2ms | Allocations: 699)
  Rendered layout layouts/application.html.erb (Duration: 12.1ms | Allocations: 2797)
Completed 200 OK in 17ms (Views: 13.4ms | ActiveRecord: 0.2ms | Allocations: 3602)


Started GET "/movies" for 127.0.0.1 at 2024-02-21 12:05:57 -0600
Processing by MoviesController#index as HTML
  Rendering layout layouts/application.html.erb
  Rendering movies/index.html.erb within layouts/application
  [1m[36mMovie Load (0.3ms)[0m  [1m[34mSELECT "movies".* FROM "movies"[0m
  ↳ app/views/movies/index.html.erb:6
  Rendered movies/_movie.html.erb (Duration: 0.3ms | Allocations: 42)
  Rendered movies/_movie.html.erb (Duration: 0.3ms | Allocations: 39)
  Rendered movies/_movie.html.erb (Duration: 0.2ms | Allocations: 42)
  Rendered movies/_movie.html.erb (Duration: 0.2ms | Allocations: 41)
  Rendered movies/_movie.html.erb (Duration: 0.2ms | Allocations: 42)
  Rendered movies/index.html.erb within layouts/application (Duration: 7.3ms | Allocations: 1635)
  Rendered layout layouts/application.html.erb (Duration: 15.4ms | Allocations: 3741)
Completed 200 OK in 18ms (Views: 16.6ms | ActiveRecord: 0.3ms | Allocations: 4017)


Started GET "/" for 127.0.0.1 at 2024-02-21 12:06:50 -0600
  [1m[36mActiveRecord::SchemaMigration Pluck (0.4ms)[0m  [1m[34mSELECT "schema_migrations"."version" FROM "schema_migrations" ORDER BY "schema_migrations"."version" ASC[0m
Started GET "/movies" for 127.0.0.1 at 2024-02-21 12:06:51 -0600
Processing by MoviesController#index as HTML
  Rendering layout layouts/application.html.erb
  Rendering movies/index.html.erb within layouts/application
  [1m[36mMovie Load (0.3ms)[0m  [1m[34mSELECT "movies".* FROM "movies"[0m
  ↳ app/views/movies/index.html.erb:6
  Rendered movies/_movie.html.erb (Duration: 1.7ms | Allocations: 395)
  Rendered movies/_movie.html.erb (Duration: 0.3ms | Allocations: 39)
  Rendered movies/_movie.html.erb (Duration: 0.3ms | Allocations: 42)
  Rendered movies/_movie.html.erb (Duration: 0.2ms | Allocations: 41)
  Rendered movies/_movie.html.erb (Duration: 0.2ms | Allocations: 42)
  Rendered movies/index.html.erb within layouts/application (Duration: 42.2ms | Allocations: 8321)
  Rendered layout layouts/application.html.erb (Duration: 142.6ms | Allocations: 41475)
Completed 200 OK in 166ms (Views: 147.3ms | ActiveRecord: 1.7ms | Allocations: 45828)


Started GET "/" for 127.0.0.1 at 2024-02-21 12:18:49 -0600
  [1m[36mActiveRecord::SchemaMigration Pluck (0.4ms)[0m  [1m[34mSELECT "schema_migrations"."version" FROM "schema_migrations" ORDER BY "schema_migrations"."version" ASC[0m
Started GET "/movies" for 127.0.0.1 at 2024-02-21 12:18:49 -0600
Processing by MoviesController#index as HTML
  Rendering layout layouts/application.html.erb
  Rendering movies/index.html.erb within layouts/application
  [1m[36mMovie Load (0.4ms)[0m  [1m[34mSELECT "movies".* FROM "movies"[0m
  ↳ app/views/movies/index.html.erb:6
  Rendered movies/_movie.html.erb (Duration: 1.7ms | Allocations: 395)
  Rendered movies/_movie.html.erb (Duration: 0.5ms | Allocations: 39)
  Rendered movies/_movie.html.erb (Duration: 0.2ms | Allocations: 42)
  Rendered movies/_movie.html.erb (Duration: 0.2ms | Allocations: 41)
  Rendered movies/_movie.html.erb (Duration: 0.2ms | Allocations: 42)
  Rendered movies/index.html.erb within layouts/application (Duration: 47.3ms | Allocations: 8300)
  Rendered layout layouts/application.html.erb (Duration: 166.9ms | Allocations: 44105)
Completed 200 OK in 194ms (Views: 173.2ms | ActiveRecord: 1.6ms | Allocations: 48458)


Started GET "/movies" for 127.0.0.1 at 2024-02-21 12:19:24 -0600
Processing by MoviesController#index as HTML
  Rendering layout layouts/application.html.erb
  Rendering movies/index.html.erb within layouts/application
  [1m[36mMovie Load (0.3ms)[0m  [1m[34mSELECT "movies".* FROM "movies"[0m
  ↳ app/views/movies/index.html.erb:6
  Rendered movies/_movie.html.erb (Duration: 1.4ms | Allocations: 244)
  Rendered movies/_movie.html.erb (Duration: 0.4ms | Allocations: 39)
  Rendered movies/_movie.html.erb (Duration: 0.5ms | Allocations: 42)
  Rendered movies/_movie.html.erb (Duration: 0.5ms | Allocations: 41)
  Rendered movies/_movie.html.erb (Duration: 0.4ms | Allocations: 42)
  Rendered movies/index.html.erb within layouts/application (Duration: 13.4ms | Allocations: 2174)
  Rendered layout layouts/application.html.erb (Duration: 25.2ms | Allocations: 4596)
Completed 200 OK in 31ms (Views: 28.4ms | ActiveRecord: 0.3ms | Allocations: 5448)


Started GET "/movies" for 127.0.0.1 at 2024-02-21 12:20:00 -0600
Processing by MoviesController#index as HTML
  Rendering layout layouts/application.html.erb
  Rendering movies/index.html.erb within layouts/application
  [1m[36mMovie Load (0.2ms)[0m  [1m[34mSELECT "movies".* FROM "movies"[0m
  ↳ app/views/movies/index.html.erb:6
  Rendered movies/_movie.html.erb (Duration: 1.9ms | Allocations: 244)
  Rendered movies/_movie.html.erb (Duration: 0.3ms | Allocations: 39)
  Rendered movies/_movie.html.erb (Duration: 0.4ms | Allocations: 42)
  Rendered movies/_movie.html.erb (Duration: 0.5ms | Allocations: 41)
  Rendered movies/_movie.html.erb (Duration: 0.4ms | Allocations: 42)
  Rendered movies/index.html.erb within layouts/application (Duration: 14.6ms | Allocations: 2176)
  Rendered layout layouts/application.html.erb (Duration: 24.4ms | Allocations: 4598)
Completed 200 OK in 30ms (Views: 27.6ms | ActiveRecord: 0.2ms | Allocations: 5463)


Started GET "/movies" for 127.0.0.1 at 2024-02-21 12:20:02 -0600
Processing by MoviesController#index as HTML
  Rendering layout layouts/application.html.erb
  Rendering movies/index.html.erb within layouts/application
  [1m[36mMovie Load (0.2ms)[0m  [1m[34mSELECT "movies".* FROM "movies"[0m
  ↳ app/views/movies/index.html.erb:6
  Rendered movies/_movie.html.erb (Duration: 0.5ms | Allocations: 42)
  Rendered movies/_movie.html.erb (Duration: 0.6ms | Allocations: 39)
  Rendered movies/_movie.html.erb (Duration: 0.4ms | Allocations: 42)
  Rendered movies/_movie.html.erb (Duration: 0.3ms | Allocations: 41)
  Rendered movies/_movie.html.erb (Duration: 0.3ms | Allocations: 42)
  Rendered movies/index.html.erb within layouts/application (Duration: 10.3ms | Allocations: 1629)
  Rendered layout layouts/application.html.erb (Duration: 18.6ms | Allocations: 3734)
Completed 200 OK in 21ms (Views: 19.7ms | ActiveRecord: 0.2ms | Allocations: 4005)


Started GET "/movies" for 127.0.0.1 at 2024-02-21 12:20:05 -0600
Processing by MoviesController#index as HTML
  Rendering layout layouts/application.html.erb
  Rendering movies/index.html.erb within layouts/application
  [1m[36mMovie Load (0.2ms)[0m  [1m[34mSELECT "movies".* FROM "movies"[0m
  ↳ app/views/movies/index.html.erb:6
  Rendered movies/_movie.html.erb (Duration: 0.7ms | Allocations: 42)
  Rendered movies/_movie.html.erb (Duration: 0.3ms | Allocations: 39)
  Rendered movies/_movie.html.erb (Duration: 0.4ms | Allocations: 42)
  Rendered movies/_movie.html.erb (Duration: 0.2ms | Allocations: 41)
  Rendered movies/_movie.html.erb (Duration: 0.2ms | Allocations: 42)
  Rendered movies/index.html.erb within layouts/application (Duration: 10.3ms | Allocations: 1647)
  Rendered layout layouts/application.html.erb (Duration: 21.2ms | Allocations: 3753)
Completed 200 OK in 24ms (Views: 22.5ms | ActiveRecord: 0.2ms | Allocations: 4028)


Started GET "/movies" for 127.0.0.1 at 2024-02-21 12:20:21 -0600
Processing by MoviesController#index as HTML
  Rendering layout layouts/application.html.erb
  Rendering movies/index.html.erb within layouts/application
  [1m[36mMovie Load (0.4ms)[0m  [1m[34mSELECT "movies".* FROM "movies"[0m
  ↳ app/views/movies/index.html.erb:6
  Rendered movies/_movie.html.erb (Duration: 2.1ms | Allocations: 244)
  Rendered movies/_movie.html.erb (Duration: 0.4ms | Allocations: 39)
  Rendered movies/_movie.html.erb (Duration: 0.6ms | Allocations: 42)
  Rendered movies/_movie.html.erb (Duration: 0.5ms | Allocations: 41)
  Rendered movies/_movie.html.erb (Duration: 0.3ms | Allocations: 42)
  Rendered movies/index.html.erb within layouts/application (Duration: 15.5ms | Allocations: 2188)
  Rendered layout layouts/application.html.erb (Duration: 25.6ms | Allocations: 4643)
Completed 200 OK in 46ms (Views: 29.1ms | ActiveRecord: 0.4ms | Allocations: 5495)


Started GET "/movies" for 127.0.0.1 at 2024-02-21 12:23:15 -0600
Processing by MoviesController#index as HTML
  Rendering layout layouts/application.html.erb
  Rendering movies/index.html.erb within layouts/application
  [1m[36mMovie Load (0.3ms)[0m  [1m[34mSELECT "movies".* FROM "movies"[0m
  ↳ app/views/movies/index.html.erb:6
  Rendered movies/_movie.html.erb (Duration: 1.7ms | Allocations: 428)
  Rendered movies/_movie.html.erb (Duration: 0.6ms | Allocations: 70)
  Rendered movies/_movie.html.erb (Duration: 0.5ms | Allocations: 74)
  Rendered movies/_movie.html.erb (Duration: 0.5ms | Allocations: 73)
  Rendered movies/_movie.html.erb (Duration: 0.5ms | Allocations: 74)
  Rendered movies/index.html.erb within layouts/application (Duration: 16.3ms | Allocations: 2484)
  Rendered layout layouts/application.html.erb (Duration: 26.6ms | Allocations: 4905)
Completed 200 OK in 32ms (Views: 29.3ms | ActiveRecord: 0.3ms | Allocations: 5757)


Started GET "/movies" for 127.0.0.1 at 2024-02-21 12:23:41 -0600
Processing by MoviesController#index as HTML
  Rendering layout layouts/application.html.erb
  Rendering movies/index.html.erb within layouts/application
  [1m[36mMovie Load (0.3ms)[0m  [1m[34mSELECT "movies".* FROM "movies"[0m
  ↳ app/views/movies/index.html.erb:6
  Rendered movies/_movie.html.erb (Duration: 2.0ms | Allocations: 320)
  Rendered movies/_movie.html.erb (Duration: 0.5ms | Allocations: 57)
  Rendered movies/_movie.html.erb (Duration: 0.4ms | Allocations: 60)
  Rendered movies/_movie.html.erb (Duration: 0.3ms | Allocations: 59)
  Rendered movies/_movie.html.erb (Duration: 0.5ms | Allocations: 60)
  Rendered movies/index.html.erb within layouts/application (Duration: 14.3ms | Allocations: 2339)
  Rendered layout layouts/application.html.erb (Duration: 25.3ms | Allocations: 4760)
Completed 200 OK in 31ms (Views: 28.7ms | ActiveRecord: 0.3ms | Allocations: 5606)


Started GET "/movies/2" for 127.0.0.1 at 2024-02-21 12:23:50 -0600
Processing by MoviesController#show as HTML
  Parameters: {"id"=>"2"}
  [1m[36mMovie Load (0.8ms)[0m  [1m[34mSELECT "movies".* FROM "movies" WHERE "movies"."id" = ? LIMIT ?[0m  [["id", 2], ["LIMIT", 1]]
  ↳ app/controllers/movies_controller.rb:63:in `set_movie'
  Rendering layout layouts/application.html.erb
  Rendering movies/show.html.erb within layouts/application
  Rendered movies/_movie.html.erb (Duration: 0.5ms | Allocations: 60)
  Rendered movies/show.html.erb within layouts/application (Duration: 5.0ms | Allocations: 889)
  Rendered layout layouts/application.html.erb (Duration: 14.8ms | Allocations: 2986)
Completed 200 OK in 43ms (Views: 16.0ms | ActiveRecord: 0.8ms | Allocations: 11484)


Started GET "/movies" for 127.0.0.1 at 2024-02-21 12:23:54 -0600
Processing by MoviesController#index as HTML
  Rendering layout layouts/application.html.erb
  Rendering movies/index.html.erb within layouts/application
  [1m[36mMovie Load (0.4ms)[0m  [1m[34mSELECT "movies".* FROM "movies"[0m
  ↳ app/views/movies/index.html.erb:6
  Rendered movies/_movie.html.erb (Duration: 0.7ms | Allocations: 60)
  Rendered movies/_movie.html.erb (Duration: 0.6ms | Allocations: 57)
  Rendered movies/_movie.html.erb (Duration: 0.5ms | Allocations: 60)
  Rendered movies/_movie.html.erb (Duration: 0.6ms | Allocations: 59)
  Rendered movies/_movie.html.erb (Duration: 0.8ms | Allocations: 60)
  Rendered movies/index.html.erb within layouts/application (Duration: 16.0ms | Allocations: 1716)
  Rendered layout layouts/application.html.erb (Duration: 30.7ms | Allocations: 3821)
Completed 200 OK in 34ms (Views: 32.5ms | ActiveRecord: 0.4ms | Allocations: 4092)


Started GET "/movies/2" for 127.0.0.1 at 2024-02-21 12:24:19 -0600
Processing by MoviesController#show as HTML
  Parameters: {"id"=>"2"}
  [1m[36mMovie Load (0.3ms)[0m  [1m[34mSELECT "movies".* FROM "movies" WHERE "movies"."id" = ? LIMIT ?[0m  [["id", 2], ["LIMIT", 1]]
  ↳ app/controllers/movies_controller.rb:63:in `set_movie'
  Rendering layout layouts/application.html.erb
  Rendering movies/show.html.erb within layouts/application
  Rendered movies/_movie.html.erb (Duration: 0.4ms | Allocations: 60)
  Rendered movies/show.html.erb within layouts/application (Duration: 3.2ms | Allocations: 681)
  Rendered layout layouts/application.html.erb (Duration: 14.2ms | Allocations: 2778)
Completed 200 OK in 20ms (Views: 15.6ms | ActiveRecord: 0.3ms | Allocations: 3534)


Started GET "/movies" for 127.0.0.1 at 2024-02-21 12:24:23 -0600
Processing by MoviesController#index as HTML
  Rendering layout layouts/application.html.erb
  Rendering movies/index.html.erb within layouts/application
  [1m[36mMovie Load (0.3ms)[0m  [1m[34mSELECT "movies".* FROM "movies"[0m
  ↳ app/views/movies/index.html.erb:6
  Rendered movies/_movie.html.erb (Duration: 0.7ms | Allocations: 60)
  Rendered movies/_movie.html.erb (Duration: 0.5ms | Allocations: 57)
  Rendered movies/_movie.html.erb (Duration: 0.4ms | Allocations: 60)
  Rendered movies/_movie.html.erb (Duration: 0.5ms | Allocations: 59)
  Rendered movies/_movie.html.erb (Duration: 0.5ms | Allocations: 60)
  Rendered movies/index.html.erb within layouts/application (Duration: 12.7ms | Allocations: 1737)
  Rendered layout layouts/application.html.erb (Duration: 24.4ms | Allocations: 3842)
Completed 200 OK in 27ms (Views: 25.7ms | ActiveRecord: 0.3ms | Allocations: 4114)


Started GET "/movies/3" for 127.0.0.1 at 2024-02-21 12:24:28 -0600
Processing by MoviesController#show as HTML
  Parameters: {"id"=>"3"}
  [1m[36mMovie Load (0.2ms)[0m  [1m[34mSELECT "movies".* FROM "movies" WHERE "movies"."id" = ? LIMIT ?[0m  [["id", 3], ["LIMIT", 1]]
  ↳ app/controllers/movies_controller.rb:63:in `set_movie'
  Rendering layout layouts/application.html.erb
  Rendering movies/show.html.erb within layouts/application
  Rendered movies/_movie.html.erb (Duration: 0.4ms | Allocations: 58)
  Rendered movies/show.html.erb within layouts/application (Duration: 3.2ms | Allocations: 682)
  Rendered layout layouts/application.html.erb (Duration: 10.4ms | Allocations: 2779)
Completed 200 OK in 14ms (Views: 11.5ms | ActiveRecord: 0.2ms | Allocations: 3533)


Started DELETE "/movies/3" for 127.0.0.1 at 2024-02-21 12:24:29 -0600
Processing by MoviesController#destroy as TURBO_STREAM
  Parameters: {"authenticity_token"=>"[FILTERED]", "id"=>"3"}
  [1m[36mMovie Load (0.4ms)[0m  [1m[34mSELECT "movies".* FROM "movies" WHERE "movies"."id" = ? LIMIT ?[0m  [["id", 3], ["LIMIT", 1]]
  ↳ app/controllers/movies_controller.rb:63:in `set_movie'
  [1m[36mTRANSACTION (0.1ms)[0m  [1m[36mbegin transaction[0m
  ↳ app/controllers/movies_controller.rb:52:in `destroy'
  [1m[36mMovie Destroy (0.6ms)[0m  [1m[31mDELETE FROM "movies" WHERE "movies"."id" = ?[0m  [["id", 3]]
  ↳ app/controllers/movies_controller.rb:52:in `destroy'
  [1m[36mTRANSACTION (407.8ms)[0m  [1m[36mcommit transaction[0m
  ↳ app/controllers/movies_controller.rb:52:in `destroy'
Redirected to http://127.0.0.1:3000/movies
Completed 302 Found in 419ms (ActiveRecord: 408.9ms | Allocations: 2920)


Started GET "/movies" for 127.0.0.1 at 2024-02-21 12:24:30 -0600
Processing by MoviesController#index as TURBO_STREAM
  Rendering layout layouts/application.html.erb
  Rendering movies/index.html.erb within layouts/application
  [1m[36mMovie Load (0.2ms)[0m  [1m[34mSELECT "movies".* FROM "movies"[0m
  ↳ app/views/movies/index.html.erb:6
  Rendered movies/_movie.html.erb (Duration: 0.4ms | Allocations: 60)
  Rendered movies/_movie.html.erb (Duration: 0.4ms | Allocations: 60)
  Rendered movies/_movie.html.erb (Duration: 0.4ms | Allocations: 59)
  Rendered movies/_movie.html.erb (Duration: 0.4ms | Allocations: 60)
  Rendered movies/index.html.erb within layouts/application (Duration: 8.9ms | Allocations: 1614)
  Rendered layout layouts/application.html.erb (Duration: 15.8ms | Allocations: 3719)
Completed 200 OK in 18ms (Views: 16.7ms | ActiveRecord: 0.2ms | Allocations: 4039)


Started GET "/" for 127.0.0.1 at 2024-02-21 12:26:12 -0600
  [1m[36mActiveRecord::SchemaMigration Pluck (0.3ms)[0m  [1m[34mSELECT "schema_migrations"."version" FROM "schema_migrations" ORDER BY "schema_migrations"."version" ASC[0m
Started GET "/movies" for 127.0.0.1 at 2024-02-21 12:26:12 -0600
Processing by MoviesController#index as HTML
  Rendering layout layouts/application.html.erb
  Rendering movies/index.html.erb within layouts/application
  [1m[36mMovie Load (0.4ms)[0m  [1m[34mSELECT "movies".* FROM "movies"[0m
  ↳ app/views/movies/index.html.erb:6
  Rendered movies/_movie.html.erb (Duration: 2.0ms | Allocations: 473)
  Rendered movies/_movie.html.erb (Duration: 0.4ms | Allocations: 60)
  Rendered movies/_movie.html.erb (Duration: 0.3ms | Allocations: 59)
  Rendered movies/_movie.html.erb (Duration: 0.3ms | Allocations: 60)
  Rendered movies/index.html.erb within layouts/application (Duration: 43.4ms | Allocations: 8288)
  Rendered layout layouts/application.html.erb (Duration: 161.8ms | Allocations: 41723)
Completed 200 OK in 188ms (Views: 166.2ms | ActiveRecord: 2.1ms | Allocations: 46075)


Started GET "/" for 127.0.0.1 at 2024-02-21 12:30:09 -0600
  [1m[36mActiveRecord::SchemaMigration Pluck (0.4ms)[0m  [1m[34mSELECT "schema_migrations"."version" FROM "schema_migrations" ORDER BY "schema_migrations"."version" ASC[0m
Started GET "/movies" for 127.0.0.1 at 2024-02-21 12:30:09 -0600
Processing by MoviesController#index as HTML
  Rendering layout layouts/application.html.erb
  Rendering movies/index.html.erb within layouts/application
  [1m[36mMovie Load (0.5ms)[0m  [1m[34mSELECT "movies".* FROM "movies"[0m
  ↳ app/views/movies/index.html.erb:6
  Rendered movies/_movie.html.erb (Duration: 2.3ms | Allocations: 473)
  Rendered movies/_movie.html.erb (Duration: 0.4ms | Allocations: 60)
  Rendered movies/_movie.html.erb (Duration: 0.2ms | Allocations: 59)
  Rendered movies/_movie.html.erb (Duration: 0.2ms | Allocations: 60)
  Rendered movies/index.html.erb within layouts/application (Duration: 41.0ms | Allocations: 8286)
  Rendered layout layouts/application.html.erb (Duration: 147.5ms | Allocations: 41645)
Completed 200 OK in 172ms (Views: 151.8ms | ActiveRecord: 2.3ms | Allocations: 45998)


Started GET "/movies" for 127.0.0.1 at 2024-02-21 12:32:59 -0600
Processing by MoviesController#index as HTML
  Rendering layout layouts/application.html.erb
  Rendering movies/index.html.erb within layouts/application
  [1m[36mMovie Load (0.3ms)[0m  [1m[34mSELECT "movies".* FROM "movies"[0m
  ↳ app/views/movies/index.html.erb:6
  Rendered movies/_movie.html.erb (Duration: 2.0ms | Allocations: 319)
  Rendered movies/_movie.html.erb (Duration: 0.6ms | Allocations: 60)
  Rendered movies/_movie.html.erb (Duration: 0.4ms | Allocations: 59)
  Rendered movies/_movie.html.erb (Duration: 0.5ms | Allocations: 60)
  Rendered movies/index.html.erb within layouts/application (Duration: 13.1ms | Allocations: 2159)
  Rendered layout layouts/application.html.erb (Duration: 23.6ms | Allocations: 4580)
Completed 200 OK in 29ms (Views: 26.6ms | ActiveRecord: 0.3ms | Allocations: 5432)


Started GET "/movies" for 127.0.0.1 at 2024-02-21 12:33:02 -0600
Processing by MoviesController#index as HTML
  Rendering layout layouts/application.html.erb
  Rendering movies/index.html.erb within layouts/application
  [1m[36mMovie Load (0.3ms)[0m  [1m[34mSELECT "movies".* FROM "movies"[0m
  ↳ app/views/movies/index.html.erb:6
  Rendered movies/_movie.html.erb (Duration: 0.4ms | Allocations: 60)
  Rendered movies/_movie.html.erb (Duration: 0.4ms | Allocations: 60)
  Rendered movies/_movie.html.erb (Duration: 0.4ms | Allocations: 59)
  Rendered movies/_movie.html.erb (Duration: 0.5ms | Allocations: 60)
  Rendered movies/index.html.erb within layouts/application (Duration: 8.8ms | Allocations: 1554)
  Rendered layout layouts/application.html.erb (Duration: 17.1ms | Allocations: 3660)
Completed 200 OK in 19ms (Views: 18.2ms | ActiveRecord: 0.3ms | Allocations: 3937)


Started GET "/movies/2" for 127.0.0.1 at 2024-02-21 12:33:04 -0600
Processing by MoviesController#show as HTML
  Parameters: {"id"=>"2"}
  [1m[36mMovie Load (0.5ms)[0m  [1m[34mSELECT "movies".* FROM "movies" WHERE "movies"."id" = ? LIMIT ?[0m  [["id", 2], ["LIMIT", 1]]
  ↳ app/controllers/movies_controller.rb:63:in `set_movie'
  Rendering layout layouts/application.html.erb
  Rendering movies/show.html.erb within layouts/application
  Rendered movies/_movie.html.erb (Duration: 0.4ms | Allocations: 60)
  Rendered movies/show.html.erb within layouts/application (Duration: 4.0ms | Allocations: 907)
  Rendered layout layouts/application.html.erb (Duration: 10.4ms | Allocations: 3005)
Completed 200 OK in 38ms (Views: 11.4ms | ActiveRecord: 0.5ms | Allocations: 11515)


Started GET "/movies" for 127.0.0.1 at 2024-02-21 12:33:07 -0600
Processing by MoviesController#index as HTML
  Rendering layout layouts/application.html.erb
  Rendering movies/index.html.erb within layouts/application
  [1m[36mMovie Load (0.2ms)[0m  [1m[34mSELECT "movies".* FROM "movies"[0m
  ↳ app/views/movies/index.html.erb:6
  Rendered movies/_movie.html.erb (Duration: 0.6ms | Allocations: 60)
  Rendered movies/_movie.html.erb (Duration: 0.6ms | Allocations: 60)
  Rendered movies/_movie.html.erb (Duration: 0.6ms | Allocations: 59)
  Rendered movies/_movie.html.erb (Duration: 0.6ms | Allocations: 60)
  Rendered movies/index.html.erb within layouts/application (Duration: 11.9ms | Allocations: 1551)
  Rendered layout layouts/application.html.erb (Duration: 23.9ms | Allocations: 3656)
Completed 200 OK in 27ms (Views: 25.5ms | ActiveRecord: 0.2ms | Allocations: 3927)


Started GET "/movies" for 127.0.0.1 at 2024-02-21 12:36:06 -0600
Processing by MoviesController#index as HTML
  Rendering layout layouts/application.html.erb
  Rendering movies/index.html.erb within layouts/application
  [1m[36mMovie Load (0.2ms)[0m  [1m[34mSELECT "movies".* FROM "movies"[0m
  ↳ app/views/movies/index.html.erb:6
  Rendered movies/_movie.html.erb (Duration: 2.2ms | Allocations: 322)
  Rendered movies/_movie.html.erb (Duration: 0.5ms | Allocations: 60)
  Rendered movies/_movie.html.erb (Duration: 0.4ms | Allocations: 59)
  Rendered movies/_movie.html.erb (Duration: 0.5ms | Allocations: 60)
  Rendered movies/index.html.erb within layouts/application (Duration: 31.3ms | Allocations: 2249)
  Rendered layout layouts/application.html.erb (Duration: 44.6ms | Allocations: 4704)
Completed 200 OK in 50ms (Views: 48.0ms | ActiveRecord: 0.2ms | Allocations: 5556)


Started GET "/movies/new" for 127.0.0.1 at 2024-02-21 12:36:08 -0600
Processing by MoviesController#new as HTML
  Rendering layout layouts/application.html.erb
  Rendering movies/new.html.erb within layouts/application
  Rendered movies/_form.html.erb (Duration: 46.6ms | Allocations: 11117)
  Rendered movies/new.html.erb within layouts/application (Duration: 49.2ms | Allocations: 11418)
  Rendered layout layouts/application.html.erb (Duration: 54.9ms | Allocations: 13524)
Completed 200 OK in 59ms (Views: 56.3ms | ActiveRecord: 0.0ms | Allocations: 13885)


Started POST "/movies" for 127.0.0.1 at 2024-02-21 12:36:53 -0600
Processing by MoviesController#create as TURBO_STREAM
  Parameters: {"authenticity_token"=>"[FILTERED]", "movie"=>{"title"=>"Haikyuu: Battle of the Garbage Dump", "rating"=>"U13", "description"=>"Anime", "release_date"=>"16-02-2024"}, "commit"=>"Create Movie"}
  [1m[36mTRANSACTION (0.1ms)[0m  [1m[36mbegin transaction[0m
  ↳ app/controllers/movies_controller.rb:27:in `block in create'
  [1m[36mMovie Create (0.7ms)[0m  [1m[32mINSERT INTO "movies" ("title", "rating", "description", "release_date", "created_at", "updated_at") VALUES (?, ?, ?, ?, ?, ?)[0m  [["title", "Haikyuu: Battle of the Garbage Dump"], ["rating", "U13"], ["description", "Anime"], ["release_date", "2024-02-16 00:00:00"], ["created_at", "2024-02-21 18:36:53.293473"], ["updated_at", "2024-02-21 18:36:53.293473"]]
  ↳ app/controllers/movies_controller.rb:27:in `block in create'
  [1m[36mTRANSACTION (475.4ms)[0m  [1m[36mcommit transaction[0m
  ↳ app/controllers/movies_controller.rb:27:in `block in create'
Redirected to http://127.0.0.1:3000/movies/7
Completed 302 Found in 489ms (ActiveRecord: 476.3ms | Allocations: 3718)


Started GET "/movies/7" for 127.0.0.1 at 2024-02-21 12:36:53 -0600
Processing by MoviesController#show as TURBO_STREAM
  Parameters: {"id"=>"7"}
  [1m[36mMovie Load (0.3ms)[0m  [1m[34mSELECT "movies".* FROM "movies" WHERE "movies"."id" = ? LIMIT ?[0m  [["id", 7], ["LIMIT", 1]]
  ↳ app/controllers/movies_controller.rb:63:in `set_movie'
  Rendering layout layouts/application.html.erb
  Rendering movies/show.html.erb within layouts/application
  Rendered movies/_movie.html.erb (Duration: 0.6ms | Allocations: 61)
  Rendered movies/show.html.erb within layouts/application (Duration: 6.2ms | Allocations: 922)
  Rendered layout layouts/application.html.erb (Duration: 15.5ms | Allocations: 3019)
Completed 200 OK in 21ms (Views: 16.9ms | ActiveRecord: 0.3ms | Allocations: 3903)


Started GET "/movies" for 127.0.0.1 at 2024-02-21 12:36:56 -0600
Processing by MoviesController#index as HTML
  Rendering layout layouts/application.html.erb
  Rendering movies/index.html.erb within layouts/application
  [1m[36mMovie Load (0.4ms)[0m  [1m[34mSELECT "movies".* FROM "movies"[0m
  ↳ app/views/movies/index.html.erb:6
  Rendered movies/_movie.html.erb (Duration: 0.4ms | Allocations: 60)
  Rendered movies/_movie.html.erb (Duration: 0.4ms | Allocations: 60)
  Rendered movies/_movie.html.erb (Duration: 0.3ms | Allocations: 59)
  Rendered movies/_movie.html.erb (Duration: 0.3ms | Allocations: 60)
  Rendered movies/_movie.html.erb (Duration: 0.2ms | Allocations: 60)
  Rendered movies/index.html.erb within layouts/application (Duration: 8.7ms | Allocations: 1840)
  Rendered layout layouts/application.html.erb (Duration: 17.3ms | Allocations: 3945)
Completed 200 OK in 20ms (Views: 18.2ms | ActiveRecord: 0.4ms | Allocations: 4217)


Started GET "/movies/new" for 127.0.0.1 at 2024-02-21 12:37:28 -0600
Processing by MoviesController#new as HTML
  Rendering layout layouts/application.html.erb
  Rendering movies/new.html.erb within layouts/application
  Rendered movies/_form.html.erb (Duration: 4.8ms | Allocations: 1489)
  Rendered movies/new.html.erb within layouts/application (Duration: 5.7ms | Allocations: 1578)
  Rendered layout layouts/application.html.erb (Duration: 11.6ms | Allocations: 3683)
Completed 200 OK in 15ms (Views: 14.0ms | ActiveRecord: 0.0ms | Allocations: 3958)


Started POST "/movies" for 127.0.0.1 at 2024-02-21 12:38:12 -0600
Processing by MoviesController#create as TURBO_STREAM
  Parameters: {"authenticity_token"=>"[FILTERED]", "movie"=>{"title"=>"Oceans Eleven", "rating"=>"A", "description"=>"Heist", "release_date"=>"07-12-2001"}, "commit"=>"Create Movie"}
  [1m[36mTRANSACTION (0.1ms)[0m  [1m[36mbegin transaction[0m
  ↳ app/controllers/movies_controller.rb:27:in `block in create'
  [1m[36mMovie Create (0.9ms)[0m  [1m[32mINSERT INTO "movies" ("title", "rating", "description", "release_date", "created_at", "updated_at") VALUES (?, ?, ?, ?, ?, ?)[0m  [["title", "Oceans Eleven"], ["rating", "A"], ["description", "Heist"], ["release_date", "2001-12-07 00:00:00"], ["created_at", "2024-02-21 18:38:12.677427"], ["updated_at", "2024-02-21 18:38:12.677427"]]
  ↳ app/controllers/movies_controller.rb:27:in `block in create'
  [1m[36mTRANSACTION (519.7ms)[0m  [1m[36mcommit transaction[0m
  ↳ app/controllers/movies_controller.rb:27:in `block in create'
Redirected to http://127.0.0.1:3000/movies/8
Completed 302 Found in 532ms (ActiveRecord: 520.7ms | Allocations: 2469)


Started GET "/movies/8" for 127.0.0.1 at 2024-02-21 12:38:13 -0600
Processing by MoviesController#show as TURBO_STREAM
  Parameters: {"id"=>"8"}
  [1m[36mMovie Load (0.3ms)[0m  [1m[34mSELECT "movies".* FROM "movies" WHERE "movies"."id" = ? LIMIT ?[0m  [["id", 8], ["LIMIT", 1]]
  ↳ app/controllers/movies_controller.rb:63:in `set_movie'
  Rendering layout layouts/application.html.erb
  Rendering movies/show.html.erb within layouts/application
  Rendered movies/_movie.html.erb (Duration: 0.7ms | Allocations: 60)
  Rendered movies/show.html.erb within layouts/application (Duration: 6.0ms | Allocations: 692)
  Rendered layout layouts/application.html.erb (Duration: 15.4ms | Allocations: 2789)
Completed 200 OK in 21ms (Views: 17.2ms | ActiveRecord: 0.3ms | Allocations: 3547)


Started GET "/movies" for 127.0.0.1 at 2024-02-21 12:38:14 -0600
Processing by MoviesController#index as HTML
  Rendering layout layouts/application.html.erb
  Rendering movies/index.html.erb within layouts/application
  [1m[36mMovie Load (0.3ms)[0m  [1m[34mSELECT "movies".* FROM "movies"[0m
  ↳ app/views/movies/index.html.erb:6
  Rendered movies/_movie.html.erb (Duration: 0.5ms | Allocations: 60)
  Rendered movies/_movie.html.erb (Duration: 0.4ms | Allocations: 60)
  Rendered movies/_movie.html.erb (Duration: 0.3ms | Allocations: 59)
  Rendered movies/_movie.html.erb (Duration: 0.3ms | Allocations: 60)
  Rendered movies/_movie.html.erb (Duration: 0.2ms | Allocations: 60)
  Rendered movies/_movie.html.erb (Duration: 0.2ms | Allocations: 59)
  Rendered movies/index.html.erb within layouts/application (Duration: 10.3ms | Allocations: 2050)
  Rendered layout layouts/application.html.erb (Duration: 17.4ms | Allocations: 4155)
Completed 200 OK in 19ms (Views: 18.0ms | ActiveRecord: 0.3ms | Allocations: 4426)


Started GET "/movies" for 127.0.0.1 at 2024-02-21 12:38:44 -0600
Processing by MoviesController#index as HTML
  Rendering layout layouts/application.html.erb
  Rendering movies/index.html.erb within layouts/application
  [1m[36mMovie Load (0.2ms)[0m  [1m[34mSELECT "movies".* FROM "movies"[0m
  ↳ app/views/movies/index.html.erb:6
  Rendered movies/_movie.html.erb (Duration: 2.3ms | Allocations: 319)
  Rendered movies/_movie.html.erb (Duration: 0.4ms | Allocations: 60)
  Rendered movies/_movie.html.erb (Duration: 0.6ms | Allocations: 59)
  Rendered movies/_movie.html.erb (Duration: 0.4ms | Allocations: 60)
  Rendered movies/_movie.html.erb (Duration: 0.5ms | Allocations: 60)
  Rendered movies/_movie.html.erb (Duration: 0.4ms | Allocations: 59)
  Rendered movies/index.html.erb within layouts/application (Duration: 16.4ms | Allocations: 2504)
  Rendered layout layouts/application.html.erb (Duration: 27.2ms | Allocations: 4924)
Completed 200 OK in 33ms (Views: 30.1ms | ActiveRecord: 0.2ms | Allocations: 5772)


Started GET "/movies" for 127.0.0.1 at 2024-02-21 12:39:06 -0600
Processing by MoviesController#index as HTML
  Rendering layout layouts/application.html.erb
  Rendering movies/index.html.erb within layouts/application
  [1m[36mMovie Load (0.2ms)[0m  [1m[34mSELECT "movies".* FROM "movies"[0m
  ↳ app/views/movies/index.html.erb:6
  Rendered movies/_movie.html.erb (Duration: 1.7ms | Allocations: 319)
  Rendered movies/_movie.html.erb (Duration: 0.3ms | Allocations: 60)
  Rendered movies/_movie.html.erb (Duration: 0.5ms | Allocations: 59)
  Rendered movies/_movie.html.erb (Duration: 0.4ms | Allocations: 60)
  Rendered movies/_movie.html.erb (Duration: 0.4ms | Allocations: 60)
  Rendered movies/_movie.html.erb (Duration: 0.3ms | Allocations: 59)
  Rendered movies/index.html.erb within layouts/application (Duration: 13.3ms | Allocations: 2503)
  Rendered layout layouts/application.html.erb (Duration: 22.5ms | Allocations: 4923)
Completed 200 OK in 28ms (Views: 25.7ms | ActiveRecord: 0.2ms | Allocations: 5769)


Started GET "/movies/new" for 127.0.0.1 at 2024-02-21 12:39:10 -0600
Processing by MoviesController#new as HTML
  Rendering layout layouts/application.html.erb
  Rendering movies/new.html.erb within layouts/application
  Rendered movies/_form.html.erb (Duration: 6.6ms | Allocations: 1924)
  Rendered movies/new.html.erb within layouts/application (Duration: 8.4ms | Allocations: 2214)
  Rendered layout layouts/application.html.erb (Duration: 16.0ms | Allocations: 4319)
Completed 200 OK in 18ms (Views: 17.2ms | ActiveRecord: 0.0ms | Allocations: 4650)


Started GET "/movies" for 127.0.0.1 at 2024-02-21 12:39:12 -0600
Processing by MoviesController#index as HTML
  Rendering layout layouts/application.html.erb
  Rendering movies/index.html.erb within layouts/application
  [1m[36mMovie Load (0.3ms)[0m  [1m[34mSELECT "movies".* FROM "movies"[0m
  ↳ app/views/movies/index.html.erb:6
  Rendered movies/_movie.html.erb (Duration: 0.5ms | Allocations: 60)
  Rendered movies/_movie.html.erb (Duration: 0.6ms | Allocations: 60)
  Rendered movies/_movie.html.erb (Duration: 0.6ms | Allocations: 59)
  Rendered movies/_movie.html.erb (Duration: 0.6ms | Allocations: 60)
  Rendered movies/_movie.html.erb (Duration: 0.5ms | Allocations: 60)
  Rendered movies/_movie.html.erb (Duration: 0.6ms | Allocations: 59)
  Rendered movies/index.html.erb within layouts/application (Duration: 15.3ms | Allocations: 1918)
  Rendered layout layouts/application.html.erb (Duration: 26.8ms | Allocations: 4023)
Completed 200 OK in 30ms (Views: 28.2ms | ActiveRecord: 0.3ms | Allocations: 4294)


Started GET "/" for 127.0.0.1 at 2024-02-21 12:41:36 -0600
  [1m[36mActiveRecord::SchemaMigration Pluck (0.3ms)[0m  [1m[34mSELECT "schema_migrations"."version" FROM "schema_migrations" ORDER BY "schema_migrations"."version" ASC[0m
Started GET "/movies" for 127.0.0.1 at 2024-02-21 12:41:36 -0600
Processing by MoviesController#index as HTML
  Rendering layout layouts/application.html.erb
  Rendering movies/index.html.erb within layouts/application
  [1m[36mMovie Load (0.5ms)[0m  [1m[34mSELECT "movies".* FROM "movies"[0m
  ↳ app/views/movies/index.html.erb:6
  Rendered movies/_movie.html.erb (Duration: 1.9ms | Allocations: 470)
  Rendered movies/_movie.html.erb (Duration: 0.4ms | Allocations: 60)
  Rendered movies/_movie.html.erb (Duration: 0.4ms | Allocations: 59)
  Rendered movies/_movie.html.erb (Duration: 0.4ms | Allocations: 60)
  Rendered movies/_movie.html.erb (Duration: 0.3ms | Allocations: 60)
  Rendered movies/_movie.html.erb (Duration: 0.4ms | Allocations: 59)
  Rendered movies/index.html.erb within layouts/application (Duration: 53.3ms | Allocations: 8642)
  Rendered layout layouts/application.html.erb (Duration: 161.5ms | Allocations: 41859)
Completed 200 OK in 184ms (Views: 164.7ms | ActiveRecord: 2.1ms | Allocations: 46212)


